<?xml version="1.0" encoding="utf-8"?>
<test-run id="2" testcasecount="2" result="Passed" total="2" passed="2" failed="0" inconclusive="0" skipped="0" asserts="0" engine-version="3.5.0.0" clr-version="4.0.30319.42000" start-time="2026-08-13 04:59:32Z" end-time="2026-08-13 04:59:32Z" duration="0.7575812">
  <test-suite type="TestSuite" id="1010" name="PetTrip" fullname="PetTrip" runstate="Runnable" testcasecount="2" result="Passed" start-time="2026-08-13 04:59:32Z" end-time="2026-08-13 04:59:32Z" duration="0.757581" total="2" passed="2" failed="0" inconclusive="0" skipped="0" asserts="0">
    <properties>
      <property name="platform" value="PlayMode" />
    </properties>
    <test-suite type="Assembly" id="1005" name="PetTrip.Tests.PlayMode.dll" fullname="C:/Users/Mechrevo/Documents/ChatGPT/PetTrip/.claude/worktrees/session2-content-service/unity/PetTrip/Library/ScriptAssemblies/PetTrip.Tests.PlayMode.dll" runstate="Runnable" testcasecount="2" result="Passed" start-time="2026-08-13 04:59:32Z" end-time="2026-08-13 04:59:32Z" duration="0.750593" total="2" passed="2" failed="0" inconclusive="0" skipped="0" asserts="0">
      <properties>
        <property name="_PID" value="21784" />
        <property name="_APPDOMAIN" value="Unity Child Domain" />
        <property name="platform" value="PlayMode" />
        <property name="EditorOnly" value="False" />
      </properties>
      <test-suite type="TestSuite" id="1006" name="PetTrip" fullname="PetTrip" runstate="Runnable" testcasecount="2" result="Passed" start-time="2026-08-13 04:59:32Z" end-time="2026-08-13 04:59:32Z" duration="0.750170" total="2" passed="2" failed="0" inconclusive="0" skipped="0" asserts="0">
        <properties />
        <test-suite type="TestSuite" id="1007" name="Tests" fullname="PetTrip.Tests" runstate="Runnable" testcasecount="2" result="Passed" start-time="2026-08-13 04:59:32Z" end-time="2026-08-13 04:59:32Z" duration="0.749979" total="2" passed="2" failed="0" inconclusive="0" skipped="0" asserts="0">
          <properties />
          <test-suite type="TestFixture" id="1001" name="Session1SceneConsumptionTests" fullname="PetTrip.Tests.Session1SceneConsumptionTests" classname="PetTrip.Tests.Session1SceneConsumptionTests" runstate="Runnable" testcasecount="1" result="Passed" start-time="2026-08-13 04:59:32Z" end-time="2026-08-13 04:59:32Z" duration="0.430115" total="1" passed="1" failed="0" inconclusive="0" skipped="0" asserts="0">
            <properties />
            <test-case id="1002" name="SnapshotBuildsSceneAndCapturesEvidence" fullname="PetTrip.Tests.Session1SceneConsumptionTests.SnapshotBuildsSceneAndCapturesEvidence" methodname="SnapshotBuildsSceneAndCapturesEvidence" classname="PetTrip.Tests.Session1SceneConsumptionTests" runstate="Runnable" seed="258305477" result="Passed" start-time="2026-08-13 04:59:32Z" end-time="2026-08-13 04:59:32Z" duration="0.421577" asserts="0">
              <properties>
                <property name="_JOINTYPE" value="UnityCombinatorial" />
                <property name="retryIteration" value="0" />
                <property name="repeatIteration" value="0" />
              </properties>
              <output><![CDATA[PETTRIP_SNAPSHOT_LOAD_OK schema=0.1 scene=session1_beach canvas=512x288 layers=3 interactions=1 build_slots=1
PETTRIP_INTERACTION_OK id=pet_wave
PETTRIP_SCREENSHOT_OK path=C:\Users\Mechrevo\Documents\ChatGPT\PetTrip\.claude\worktrees\session2-content-service\unity\PetTrip\TestArtifacts\Session1\unity-screenshot.png
]]></output>
            </test-case>
          </test-suite>
          <test-suite type="TestFixture" id="1003" name="Session2HttpLoadingTests" fullname="PetTrip.Tests.Session2HttpLoadingTests" classname="PetTrip.Tests.Session2HttpLoadingTests" runstate="Runnable" testcasecount="1" result="Passed" start-time="2026-08-13 04:59:32Z" end-time="2026-08-13 04:59:32Z" duration="0.318989" total="1" passed="1" failed="0" inconclusive="0" skipped="0" asserts="0">
            <properties />
            <test-case id="1004" name="HttpSnapshotLoadsSceneFromContentService" fullname="PetTrip.Tests.Session2HttpLoadingTests.HttpSnapshotLoadsSceneFromContentService" methodname="HttpSnapshotLoadsSceneFromContentService" classname="PetTrip.Tests.Session2HttpLoadingTests" runstate="Runnable" seed="1108730784" result="Passed" start-time="2026-08-13 04:59:32Z" end-time="2026-08-13 04:59:32Z" duration="0.316205" asserts="0">
              <properties>
                <property name="_JOINTYPE" value="UnityCombinatorial" />
                <property name="retryIteration" value="0" />
                <property name="repeatIteration" value="0" />
              </properties>
              <output><![CDATA[PETTRIP_HTTP_SNAPSHOT_LOAD_OK schema=0.1 scene=session1_beach layers=3 assets=4
PETTRIP_SESSION2_HTTP_OK path=C:\Users\Mechrevo\Documents\ChatGPT\PetTrip\.claude\worktrees\session2-content-service\unity\PetTrip\TestArtifacts\Session2\unity-screenshot.png
Saving results to: C:/Users/Mechrevo/AppData/LocalLow/DefaultCompany/PetTrip\TestResults.xml
]]></output>
            </test-case>
          </test-suite>
        </test-suite>
      </test-suite>
    </test-suite>
  </test-suite>
</test-run>