<?xml version="1.0" encoding="utf-8"?>
<test-run id="2" testcasecount="3" result="Passed" total="3" passed="3" failed="0" inconclusive="0" skipped="0" asserts="0" engine-version="3.5.0.0" clr-version="4.0.30319.42000" start-time="2026-08-15 02:42:44Z" end-time="2026-08-15 02:42:46Z" duration="1.252744">
  <test-suite type="TestSuite" id="1012" name="PetTrip" fullname="PetTrip" runstate="Runnable" testcasecount="3" result="Passed" start-time="2026-08-15 02:42:44Z" end-time="2026-08-15 02:42:46Z" duration="1.252744" total="3" passed="3" failed="0" inconclusive="0" skipped="0" asserts="0">
    <properties>
      <property name="platform" value="PlayMode" />
    </properties>
    <test-suite type="Assembly" id="1007" name="PetTrip.Tests.PlayMode.dll" fullname="C:/Users/Mechrevo/Documents/ChatGPT/PetTrip/.claude/worktrees/pilot4mvp-phase3/unity/PetTrip/Library/ScriptAssemblies/PetTrip.Tests.PlayMode.dll" runstate="Runnable" testcasecount="3" result="Passed" start-time="2026-08-15 02:42:45Z" end-time="2026-08-15 02:42:46Z" duration="1.244558" total="3" passed="3" failed="0" inconclusive="0" skipped="0" asserts="0">
      <properties>
        <property name="_PID" value="17008" />
        <property name="_APPDOMAIN" value="Unity Child Domain" />
        <property name="platform" value="PlayMode" />
        <property name="EditorOnly" value="False" />
      </properties>
      <test-suite type="TestSuite" id="1008" name="PetTrip" fullname="PetTrip" runstate="Runnable" testcasecount="3" result="Passed" start-time="2026-08-15 02:42:45Z" end-time="2026-08-15 02:42:46Z" duration="1.243946" total="3" passed="3" failed="0" inconclusive="0" skipped="0" asserts="0">
        <properties />
        <test-suite type="TestSuite" id="1009" name="Tests" fullname="PetTrip.Tests" runstate="Runnable" testcasecount="3" result="Passed" start-time="2026-08-15 02:42:45Z" end-time="2026-08-15 02:42:46Z" duration="1.243655" total="3" passed="3" failed="0" inconclusive="0" skipped="0" asserts="0">
          <properties />
          <test-suite type="TestFixture" id="1001" name="Session1SceneConsumptionTests" fullname="PetTrip.Tests.Session1SceneConsumptionTests" classname="PetTrip.Tests.Session1SceneConsumptionTests" runstate="Runnable" testcasecount="1" result="Passed" start-time="2026-08-15 02:42:45Z" end-time="2026-08-15 02:42:45Z" duration="0.509444" total="1" passed="1" failed="0" inconclusive="0" skipped="0" asserts="0">
            <properties />
            <test-case id="1002" name="SnapshotBuildsSceneAndCapturesEvidence" fullname="PetTrip.Tests.Session1SceneConsumptionTests.SnapshotBuildsSceneAndCapturesEvidence" methodname="SnapshotBuildsSceneAndCapturesEvidence" classname="PetTrip.Tests.Session1SceneConsumptionTests" runstate="Runnable" seed="1661672255" result="Passed" start-time="2026-08-15 02:42:45Z" end-time="2026-08-15 02:42:45Z" duration="0.499415" asserts="0">
              <properties>
                <property name="_JOINTYPE" value="UnityCombinatorial" />
                <property name="retryIteration" value="0" />
                <property name="repeatIteration" value="0" />
              </properties>
              <output><![CDATA[PETTRIP_SNAPSHOT_LOAD_OK schema=0.1 scene=session1_beach canvas=512x288 layers=3 interactions=1 build_slots=1
PETTRIP_INTERACTION_OK id=pet_wave
PETTRIP_SCREENSHOT_OK path=C:\Users\Mechrevo\Documents\ChatGPT\PetTrip\.claude\worktrees\pilot4mvp-phase3\unity\PetTrip\TestArtifacts\Session1\unity-screenshot.png
]]></output>
            </test-case>
          </test-suite>
          <test-suite type="TestFixture" id="1003" name="Session2HttpLoadingTests" fullname="PetTrip.Tests.Session2HttpLoadingTests" classname="PetTrip.Tests.Session2HttpLoadingTests" runstate="Runnable" testcasecount="1" result="Passed" start-time="2026-08-15 02:42:45Z" end-time="2026-08-15 02:42:45Z" duration="0.366577" total="1" passed="1" failed="0" inconclusive="0" skipped="0" asserts="0">
            <properties />
            <test-case id="1004" name="HttpSnapshotLoadsSceneFromContentService" fullname="PetTrip.Tests.Session2HttpLoadingTests.HttpSnapshotLoadsSceneFromContentService" methodname="HttpSnapshotLoadsSceneFromContentService" classname="PetTrip.Tests.Session2HttpLoadingTests" runstate="Runnable" seed="558152167" result="Passed" start-time="2026-08-15 02:42:45Z" end-time="2026-08-15 02:42:45Z" duration="0.363302" asserts="0">
              <properties>
                <property name="_JOINTYPE" value="UnityCombinatorial" />
                <property name="retryIteration" value="0" />
                <property name="repeatIteration" value="0" />
              </properties>
              <output><![CDATA[PETTRIP_HTTP_SNAPSHOT_LOAD_OK schema=0.1 scene=session1_beach layers=3 assets=4
PETTRIP_SESSION2_HTTP_OK path=C:\Users\Mechrevo\Documents\ChatGPT\PetTrip\.claude\worktrees\pilot4mvp-phase3\unity\PetTrip\TestArtifacts\Session2\unity-screenshot.png
]]></output>
            </test-case>
          </test-suite>
          <test-suite type="TestFixture" id="1005" name="Session3HttpLoadingTests" fullname="PetTrip.Tests.Session3HttpLoadingTests" classname="PetTrip.Tests.Session3HttpLoadingTests" runstate="Runnable" testcasecount="1" result="Passed" start-time="2026-08-15 02:42:45Z" end-time="2026-08-15 02:42:46Z" duration="0.366499" total="1" passed="1" failed="0" inconclusive="0" skipped="0" asserts="0">
            <properties />
            <test-case id="1006" name="HttpSnapshotLoadsSceneFromRealModelPipeline" fullname="PetTrip.Tests.Session3HttpLoadingTests.HttpSnapshotLoadsSceneFromRealModelPipeline" methodname="HttpSnapshotLoadsSceneFromRealModelPipeline" classname="PetTrip.Tests.Session3HttpLoadingTests" runstate="Runnable" seed="1675003701" result="Passed" start-time="2026-08-15 02:42:45Z" end-time="2026-08-15 02:42:46Z" duration="0.365654" asserts="0">
              <properties>
                <property name="_JOINTYPE" value="UnityCombinatorial" />
                <property name="retryIteration" value="0" />
                <property name="repeatIteration" value="0" />
              </properties>
              <output><![CDATA[PETTRIP_HTTP_SNAPSHOT_LOAD_OK schema=0.1 scene=session1_beach layers=3 assets=4
PETTRIP_SESSION3_HTTP_OK path=C:\Users\Mechrevo\Documents\ChatGPT\PetTrip\.claude\worktrees\pilot4mvp-phase3\unity\PetTrip\TestArtifacts\Session3\unity-screenshot.png
Saving results to: C:/Users/Mechrevo/AppData/LocalLow/DefaultCompany/PetTrip\TestResults.xml
]]></output>
            </test-case>
          </test-suite>
        </test-suite>
      </test-suite>
    </test-suite>
  </test-suite>
</test-run>