<?xml version="1.0" encoding="utf-8"?>
<test-run id="2" testcasecount="1" result="Failed(Child)" total="1" passed="0" failed="1" inconclusive="0" skipped="0" asserts="0" engine-version="3.5.0.0" clr-version="4.0.30319.42000" start-time="2026-08-13 02:10:57Z" end-time="2026-08-13 02:10:58Z" duration="0.5093478">
  <test-suite type="TestSuite" id="1008" name="PetTrip" fullname="PetTrip" runstate="Runnable" testcasecount="1" result="Failed" site="Child" start-time="2026-08-13 02:10:57Z" end-time="2026-08-13 02:10:58Z" duration="0.509348" total="1" passed="0" failed="1" inconclusive="0" skipped="0" asserts="0">
    <properties>
      <property name="platform" value="PlayMode" />
    </properties>
    <failure>
      <message><![CDATA[One or more child tests had errors]]></message>
    </failure>
    <test-suite type="Assembly" id="1003" name="PetTrip.Tests.PlayMode.dll" fullname="C:/Users/Mechrevo/Documents/ChatGPT/PetTrip/unity/PetTrip/Library/ScriptAssemblies/PetTrip.Tests.PlayMode.dll" runstate="Runnable" testcasecount="1" result="Failed" site="Child" start-time="2026-08-13 02:10:57Z" end-time="2026-08-13 02:10:58Z" duration="0.503008" total="1" passed="0" failed="1" inconclusive="0" skipped="0" asserts="0">
      <properties>
        <property name="_PID" value="7892" />
        <property name="_APPDOMAIN" value="Unity Child Domain" />
        <property name="platform" value="PlayMode" />
        <property name="EditorOnly" value="False" />
      </properties>
      <failure>
        <message><![CDATA[One or more child tests had errors]]></message>
      </failure>
      <test-suite type="TestSuite" id="1004" name="PetTrip" fullname="PetTrip" runstate="Runnable" testcasecount="1" result="Failed" site="Child" start-time="2026-08-13 02:10:57Z" end-time="2026-08-13 02:10:58Z" duration="0.502633" total="1" passed="0" failed="1" inconclusive="0" skipped="0" asserts="0">
        <properties />
        <failure>
          <message><![CDATA[One or more child tests had errors]]></message>
        </failure>
        <test-suite type="TestSuite" id="1005" name="Tests" fullname="PetTrip.Tests" runstate="Runnable" testcasecount="1" result="Failed" site="Child" start-time="2026-08-13 02:10:57Z" end-time="2026-08-13 02:10:58Z" duration="0.502469" total="1" passed="0" failed="1" inconclusive="0" skipped="0" asserts="0">
          <properties />
          <failure>
            <message><![CDATA[One or more child tests had errors]]></message>
          </failure>
          <test-suite type="TestFixture" id="1001" name="Session1SceneConsumptionTests" fullname="PetTrip.Tests.Session1SceneConsumptionTests" classname="PetTrip.Tests.Session1SceneConsumptionTests" runstate="Runnable" testcasecount="1" result="Failed" site="Child" start-time="2026-08-13 02:10:57Z" end-time="2026-08-13 02:10:58Z" duration="0.501663" total="1" passed="0" failed="1" inconclusive="0" skipped="0" asserts="0">
            <properties />
            <failure>
              <message><![CDATA[One or more child tests had errors]]></message>
            </failure>
            <test-case id="1002" name="SnapshotBuildsSceneAndCapturesEvidence" fullname="PetTrip.Tests.Session1SceneConsumptionTests.SnapshotBuildsSceneAndCapturesEvidence" methodname="SnapshotBuildsSceneAndCapturesEvidence" classname="PetTrip.Tests.Session1SceneConsumptionTests" runstate="Runnable" seed="1936974502" result="Failed" start-time="2026-08-13 02:10:57Z" end-time="2026-08-13 02:10:58Z" duration="0.492400" asserts="0">
              <properties>
                <property name="_JOINTYPE" value="UnityCombinatorial" />
                <property name="retryIteration" value="0" />
                <property name="repeatIteration" value="0" />
              </properties>
              <failure>
                <message><![CDATA[Unhandled log message: '[Error] RenderTexture.Create failed'. Use UnityEngine.TestTools.LogAssert.Expect]]></message>
                <stack-trace><![CDATA[UnityEngine.Camera:Render ()
PetTrip.Session1ScreenshotCapture:Capture (UnityEngine.Camera,string) (at Assets/PetTrip/Scripts/Diagnostics/Session1ScreenshotCapture.cs:16)
PetTrip.Tests.Session1SceneConsumptionTests/<SnapshotBuildsSceneAndCapturesEvidence>d__0:MoveNext () (at Assets/PetTrip/Tests/PlayMode/Session1SceneConsumptionTests.cs:37)
UnityEngine.SetupCoroutine:InvokeMoveNext (System.Collections.IEnumerator,intptr)

]]></stack-trace>
              </failure>
              <output><![CDATA[PETTRIP_SNAPSHOT_LOAD_OK schema=0.1 scene=session1_beach canvas=512x288 layers=3 interactions=1 build_slots=1
PETTRIP_INTERACTION_OK id=pet_wave
RenderTexture.Create failed
RenderTexture.Create failed
Failed to set the active render target, ensure that it is a valid render target.
RenderTexture.Create failed
RenderTexture.Create failed
RenderTexture.Create failed
RenderTexture.Create failed
Renderer2D Pass: Unable to find surface for attachment 0
EndRenderPass: Not inside a Renderpass
PETTRIP_SCREENSHOT_OK path=C:\Users\Mechrevo\Documents\ChatGPT\PetTrip\unity\PetTrip\TestArtifacts\Session1\unity-screenshot.png
Saving results to: C:/Users/Mechrevo/AppData/LocalLow/DefaultCompany/PetTrip\TestResults.xml
]]></output>
            </test-case>
          </test-suite>
        </test-suite>
      </test-suite>
    </test-suite>
  </test-suite>
</test-run>